#
# A fatal error has been detected by the Java Runtime Environment:
#
#  EXCEPTION_ACCESS_VIOLATION (0xc0000005) at pc=0x000000006ee76520, pid=7968, tid=0x0000000000002468
#
# JRE version: Java(TM) SE Runtime Environment (8.0_101-b13) (build 1.8.0_101-b13)
# Java VM: Java HotSpot(TM) 64-Bit Server VM (25.101-b13 mixed mode windows-amd64 compressed oops)
# Problematic frame:
# C  [xuggle1063177351766440273.dll+0x736520]
#
# Failed to write core dump. Minidumps are not enabled by default on client versions of Windows
#
# If you would like to submit a bug report, please visit:
#   http://bugreport.java.com/bugreport/crash.jsp
# The crash happened outside the Java Virtual Machine in native code.
# See problematic frame for where to report the bug.
#

---------------  T H R E A D  ---------------

Current thread (0x000000000209f000):  JavaThread "main" [_thread_in_native, id=9320, stack(0x0000000002340000,0x0000000002440000)]

siginfo: ExceptionCode=0xc0000005, reading address 0xffffffffffffffff

Registers:
RAX=0x000000000041e2f0, RBX=0x00000000246b3620, RCX=0x000000000041e2f0, RDX=0x0000000000000009
RSP=0x000000000243e0c0, RBP=0x000000000041da30, RSI=0x000000000041f2f0, RDI=0x0000000000000004
R8 =0x000000006ee77580, R9 =0x000000006ee76490, R10=0x0000000000421080, R11=0x0000000024721f30
R12=0x0000000024722730, R13=0x0000000000000004, R14=0x0000000000000184, R15=0x000000006fab8f20
RIP=0x000000006ee76520, EFLAGS=0x0000000000010202

Top of Stack: (sp=0x000000000243e0c0)
0x000000000243e0c0:   000000006ee76665 000000006ee774c5
0x000000000243e0d0:   000000006ee77505 000000006ee77545
0x000000000243e0e0:   000000006ee77585 000000006ee79426
0x000000000243e0f0:   000000006fa67a80 000000000041e2f0
0x000000000243e100:   00000000246b5ae0 000000000243e180
0x000000000243e110:   3fe0000000000000 0000000000000000
0x000000000243e120:   40c7760000000000 0000000000000000
0x000000000243e130:   3fe0000000000000 0000000000000001
0x000000000243e140:   00000000246b6ae0 000000006ea45d24
0x000000000243e150:   3f40624dd2f1a9fc 0000000000000000
0x000000000243e160:   00000000edb4e016 0000000000000000
0x000000000243e170:   000000076da700b0 0000000000000000
0x000000000243e180:   00000000246bf9e0 000000006fab7320
0x000000000243e190:   0000000000000000 00000000246b3580
0x000000000243e1a0:   0000000000000001 000000000041da30
0x000000000243e1b0:   000000000041dab0 0000000000000000 

Instructions: (pc=0x000000006ee76520)
0x000000006ee76500:   c4 e3 5d 0c c0 55 c5 e4 5c c8 c5 e4 58 c0 c5 fc
0x000000006ee76510:   29 01 c5 fc 29 49 20 c3 0f 1f 84 00 00 00 00 00
0x000000006ee76520:   c5 fc 28 51 40 c5 fc 28 59 60 c5 ec 5c fb c5 ec
0x000000006ee76530:   58 d3 c5 c4 57 3d 26 41 84 00 c5 ec c6 df be c5 


Register to memory mapping:

RAX=0x000000000041e2f0 is an unknown value
RBX=0x00000000246b3620 is an unknown value
RCX=0x000000000041e2f0 is an unknown value
RDX=0x0000000000000009 is an unknown value
RSP=0x000000000243e0c0 is pointing into the stack for thread: 0x000000000209f000
RBP=0x000000000041da30 is an unknown value
RSI=0x000000000041f2f0 is an unknown value
RDI=0x0000000000000004 is an unknown value
R8 =0x000000006ee77580 is an unknown value
R9 =0x000000006ee76490 is an unknown value
R10=0x0000000000421080 is an unknown value
R11=0x0000000024721f30 is an unknown value
R12=0x0000000024722730 is an unknown value
R13=0x0000000000000004 is an unknown value
R14=0x0000000000000184 is an unknown value
R15=0x000000006fab8f20 is an unknown value


Stack: [0x0000000002340000,0x0000000002440000],  sp=0x000000000243e0c0,  free space=1016k
Native frames: (J=compiled Java code, j=interpreted, Vv=VM code, C=native code)
C  [xuggle1063177351766440273.dll+0x736520]

Java frames: (J=compiled Java code, j=interpreted, Vv=VM code)
j  com.xuggle.xuggler.XugglerJNI.IContainer_open__SWIG_0(JLcom/xuggle/xuggler/IContainer;Ljava/lang/String;IJLcom/xuggle/xuggler/IContainerFormat;)I+0
j  com.xuggle.xuggler.IContainer.open(Ljava/lang/String;Lcom/xuggle/xuggler/IContainer$Type;Lcom/xuggle/xuggler/IContainerFormat;)I+15
j  org.example.basicapp.DecodeAndCaptureFrames.processFrames(Ljava/util/Set;)V+32
j  org.example.basicapp.VideoDetect.sliptFrames()V+3
j  org.example.basicapp.VideoDetect.main([Ljava/lang/String;)V+392
v  ~StubRoutines::call_stub

---------------  P R O C E S S  ---------------

Java Threads: ( => current thread )
  0x00000000229fe000 JavaThread "java-sdk-http-connection-reaper" daemon [_thread_blocked, id=5536, stack(0x00000000204a0000,0x00000000205a0000)]
  0x000000001d9b0000 JavaThread "Service Thread" daemon [_thread_blocked, id=6752, stack(0x000000001d020000,0x000000001d120000)]
  0x000000001d92f800 JavaThread "C1 CompilerThread2" daemon [_thread_blocked, id=5260, stack(0x000000001e8e0000,0x000000001e9e0000)]
  0x000000001d927800 JavaThread "C2 CompilerThread1" daemon [_thread_blocked, id=6420, stack(0x000000001dd90000,0x000000001de90000)]
  0x000000001d93c000 JavaThread "C2 CompilerThread0" daemon [_thread_blocked, id=6612, stack(0x000000001e710000,0x000000001e810000)]
  0x000000001d791000 JavaThread "JDWP Command Reader" daemon [_thread_in_native, id=10336, stack(0x000000001e5a0000,0x000000001e6a0000)]
  0x000000001d78e000 JavaThread "JDWP Event Helper Thread" daemon [_thread_blocked, id=7896, stack(0x000000001e460000,0x000000001e560000)]
  0x000000001d781800 JavaThread "JDWP Transport Listener: dt_socket" daemon [_thread_blocked, id=2356, stack(0x000000001e340000,0x000000001e440000)]
  0x000000001bfea800 JavaThread "Attach Listener" daemon [_thread_blocked, id=10456, stack(0x000000001d680000,0x000000001d780000)]
  0x000000001bfe7000 JavaThread "Signal Dispatcher" daemon [_thread_blocked, id=11404, stack(0x000000001d550000,0x000000001d650000)]
  0x000000001bfca000 JavaThread "Finalizer" daemon [_thread_blocked, id=12208, stack(0x000000001d3f0000,0x000000001d4f0000)]
  0x000000001bf83000 JavaThread "Reference Handler" daemon [_thread_blocked, id=7564, stack(0x000000001d250000,0x000000001d350000)]
=>0x000000000209f000 JavaThread "main" [_thread_in_native, id=9320, stack(0x0000000002340000,0x0000000002440000)]

Other Threads:
  0x000000001bf7b800 VMThread [stack: 0x000000001d140000,0x000000001d240000] [id=8328]
  0x000000001da46800 WatcherThread [stack: 0x000000001ebb0000,0x000000001ecb0000] [id=10628]

VM state:not at safepoint (normal execution)

VM Mutex/Monitor currently owned by a thread: None

Heap:
 PSYoungGen      total 141824K, used 60515K [0x000000076b500000, 0x000000077ca00000, 0x00000007c0000000)
  eden space 131072K, 46% used [0x000000076b500000,0x000000076f018f68,0x0000000773500000)
  from space 10752K, 0% used [0x0000000773500000,0x0000000773500000,0x0000000773f80000)
  to   space 10752K, 0% used [0x000000077bf80000,0x000000077bf80000,0x000000077ca00000)
 ParOldGen       total 78336K, used 7476K [0x00000006c1e00000, 0x00000006c6a80000, 0x000000076b500000)
  object space 78336K, 9% used [0x00000006c1e00000,0x00000006c254d190,0x00000006c6a80000)
 Metaspace       used 21793K, capacity 22118K, committed 22272K, reserved 1069056K
  class space    used 2424K, capacity 2545K, committed 2560K, reserved 1048576K

Card table byte_map: [0x0000000011ad0000,0x00000000122d0000] byte_map_base: 0x000000000e4c1000

Marking Bits: (ParMarkBitMap*) 0x000000006a24a6d0
 Begin Bits: [0x0000000012ee0000, 0x0000000016e68000)
 End Bits:   [0x0000000016e68000, 0x000000001adf0000)

Polling page: 0x0000000000230000

CodeCache: size=245760Kb used=12771Kb max_used=12771Kb free=232988Kb
 bounds [0x0000000002710000, 0x00000000033a0000, 0x0000000011710000]
 total_blobs=3923 nmethods=3442 adapters=401
 compilation: enabled

Compilation events (10 events):
Event: 79.738 Thread 0x000000001d92f800 nmethod 3883 0x0000000002deab90 code [0x0000000002deace0, 0x0000000002deae90]
Event: 79.738 Thread 0x000000001d92f800 3887       3       com.amazonaws.services.rekognition.model.transform.PersonDetailJsonUnmarshaller::unmarshall (224 bytes)
Event: 79.740 Thread 0x000000001d92f800 nmethod 3887 0x0000000002eaded0 code [0x0000000002eae220, 0x0000000002eafc28]
Event: 79.740 Thread 0x000000001d92f800 3884       3       com.amazonaws.services.rekognition.model.PersonDetail::setBoundingBox (6 bytes)
Event: 79.740 Thread 0x000000001d92f800 nmethod 3884 0x0000000002ead750 code [0x0000000002ead8a0, 0x0000000002eada10]
Event: 79.740 Thread 0x000000001d92f800 3885       3       com.amazonaws.services.rekognition.model.PersonDetail::setIndex (6 bytes)
Event: 79.740 Thread 0x000000001d92f800 nmethod 3885 0x0000000002dea850 code [0x0000000002dea9a0, 0x0000000002deab10]
Event: 79.777 Thread 0x000000001d927800 nmethod 3886 0x0000000002e0eb50 code [0x0000000002e0ed20, 0x0000000002e10518]
Event: 79.780 Thread 0x000000001d92f800 3889       3       com.sun.org.apache.xerces.internal.utils.XMLLimitAnalyzer::addValue (260 bytes)
Event: 79.782 Thread 0x000000001d92f800 nmethod 3889 0x0000000002e5e810 code [0x0000000002e5eb00, 0x0000000002e604e8]

GC Heap History (8 events):
Event: 0.946 GC heap before
{Heap before GC invocations=1 (full 0):
 PSYoungGen      total 76288K, used 65536K [0x000000076b500000, 0x0000000770a00000, 0x00000007c0000000)
  eden space 65536K, 100% used [0x000000076b500000,0x000000076f500000,0x000000076f500000)
  from space 10752K, 0% used [0x000000076ff80000,0x000000076ff80000,0x0000000770a00000)
  to   space 10752K, 0% used [0x000000076f500000,0x000000076f500000,0x000000076ff80000)
 ParOldGen       total 175104K, used 0K [0x00000006c1e00000, 0x00000006cc900000, 0x000000076b500000)
  object space 175104K, 0% used [0x00000006c1e00000,0x00000006c1e00000,0x00000006cc900000)
 Metaspace       used 10401K, capacity 10486K, committed 10752K, reserved 1058816K
  class space    used 1158K, capacity 1208K, committed 1280K, reserved 1048576K
Event: 0.963 GC heap after
Heap after GC invocations=1 (full 0):
 PSYoungGen      total 76288K, used 5933K [0x000000076b500000, 0x0000000774a00000, 0x00000007c0000000)
  eden space 65536K, 0% used [0x000000076b500000,0x000000076b500000,0x000000076f500000)
  from space 10752K, 55% used [0x000000076f500000,0x000000076facb650,0x000000076ff80000)
  to   space 10752K, 0% used [0x0000000773f80000,0x0000000773f80000,0x0000000774a00000)
 ParOldGen       total 175104K, used 8K [0x00000006c1e00000, 0x00000006cc900000, 0x000000076b500000)
  object space 175104K, 0% used [0x00000006c1e00000,0x00000006c1e02000,0x00000006cc900000)
 Metaspace       used 10401K, capacity 10486K, committed 10752K, reserved 1058816K
  class space    used 1158K, capacity 1208K, committed 1280K, reserved 1048576K
}
Event: 1.775 GC heap before
{Heap before GC invocations=2 (full 0):
 PSYoungGen      total 76288K, used 71469K [0x000000076b500000, 0x0000000774a00000, 0x00000007c0000000)
  eden space 65536K, 100% used [0x000000076b500000,0x000000076f500000,0x000000076f500000)
  from space 10752K, 55% used [0x000000076f500000,0x000000076facb650,0x000000076ff80000)
  to   space 10752K, 0% used [0x0000000773f80000,0x0000000773f80000,0x0000000774a00000)
 ParOldGen       total 175104K, used 8K [0x00000006c1e00000, 0x00000006cc900000, 0x000000076b500000)
  object space 175104K, 0% used [0x00000006c1e00000,0x00000006c1e02000,0x00000006cc900000)
 Metaspace       used 18084K, capacity 18414K, committed 18688K, reserved 1064960K
  class space    used 2171K, capacity 2269K, committed 2304K, reserved 1048576K
Event: 1.785 GC heap after
Heap after GC invocations=2 (full 0):
 PSYoungGen      total 141824K, used 9834K [0x000000076b500000, 0x0000000774a00000, 0x00000007c0000000)
  eden space 131072K, 0% used [0x000000076b500000,0x000000076b500000,0x0000000773500000)
  from space 10752K, 91% used [0x0000000773f80000,0x000000077491ab70,0x0000000774a00000)
  to   space 10752K, 0% used [0x0000000773500000,0x0000000773500000,0x0000000773f80000)
 ParOldGen       total 175104K, used 32K [0x00000006c1e00000, 0x00000006cc900000, 0x000000076b500000)
  object space 175104K, 0% used [0x00000006c1e00000,0x00000006c1e08000,0x00000006cc900000)
 Metaspace       used 18084K, capacity 18414K, committed 18688K, reserved 1064960K
  class space    used 2171K, capacity 2269K, committed 2304K, reserved 1048576K
}
Event: 43.234 GC heap before
{Heap before GC invocations=3 (full 0):
 PSYoungGen      total 141824K, used 77974K [0x000000076b500000, 0x0000000774a00000, 0x00000007c0000000)
  eden space 131072K, 51% used [0x000000076b500000,0x000000076f78ae68,0x0000000773500000)
  from space 10752K, 91% used [0x0000000773f80000,0x000000077491ab70,0x0000000774a00000)
  to   space 10752K, 0% used [0x0000000773500000,0x0000000773500000,0x0000000773f80000)
 ParOldGen       total 175104K, used 32K [0x00000006c1e00000, 0x00000006cc900000, 0x000000076b500000)
  object space 175104K, 0% used [0x00000006c1e00000,0x00000006c1e08000,0x00000006cc900000)
 Metaspace       used 20803K, capacity 21118K, committed 21248K, reserved 1069056K
  class space    used 2343K, capacity 2447K, committed 2560K, reserved 1048576K
Event: 43.248 GC heap after
Heap after GC invocations=3 (full 0):
 PSYoungGen      total 141824K, used 7560K [0x000000076b500000, 0x000000077ca00000, 0x00000007c0000000)
  eden space 131072K, 0% used [0x000000076b500000,0x000000076b500000,0x0000000773500000)
  from space 10752K, 70% used [0x0000000773500000,0x0000000773c622c0,0x0000000773f80000)
  to   space 10752K, 0% used [0x000000077bf80000,0x000000077bf80000,0x000000077ca00000)
 ParOldGen       total 175104K, used 128K [0x00000006c1e00000, 0x00000006cc900000, 0x000000076b500000)
  object space 175104K, 0% used [0x00000006c1e00000,0x00000006c1e20010,0x00000006cc900000)
 Metaspace       used 20803K, capacity 21118K, committed 21248K, reserved 1069056K
  class space    used 2343K, capacity 2447K, committed 2560K, reserved 1048576K
}
Event: 43.248 GC heap before
{Heap before GC invocations=4 (full 1):
 PSYoungGen      total 141824K, used 7560K [0x000000076b500000, 0x000000077ca00000, 0x00000007c0000000)
  eden space 131072K, 0% used [0x000000076b500000,0x000000076b500000,0x0000000773500000)
  from space 10752K, 70% used [0x0000000773500000,0x0000000773c622c0,0x0000000773f80000)
  to   space 10752K, 0% used [0x000000077bf80000,0x000000077bf80000,0x000000077ca00000)
 ParOldGen       total 175104K, used 128K [0x00000006c1e00000, 0x00000006cc900000, 0x000000076b500000)
  object space 175104K, 0% used [0x00000006c1e00000,0x00000006c1e20010,0x00000006cc900000)
 Metaspace       used 20803K, capacity 21118K, committed 21248K, reserved 1069056K
  class space    used 2343K, capacity 2447K, committed 2560K, reserved 1048576K
Event: 43.284 GC heap after
Heap after GC invocations=4 (full 1):
 PSYoungGen      total 141824K, used 0K [0x000000076b500000, 0x000000077ca00000, 0x00000007c0000000)
  eden space 131072K, 0% used [0x000000076b500000,0x000000076b500000,0x0000000773500000)
  from space 10752K, 0% used [0x0000000773500000,0x0000000773500000,0x0000000773f80000)
  to   space 10752K, 0% used [0x000000077bf80000,0x000000077bf80000,0x000000077ca00000)
 ParOldGen       total 78336K, used 7476K [0x00000006c1e00000, 0x00000006c6a80000, 0x000000076b500000)
  object space 78336K, 9% used [0x00000006c1e00000,0x00000006c254d190,0x00000006c6a80000)
 Metaspace       used 20803K, capacity 21118K, committed 21248K, reserved 1069056K
  class space    used 2343K, capacity 2447K, committed 2560K, reserved 1048576K
}

Deoptimization events (10 events):
Event: 72.948 Thread 0x000000000209f000 Uncommon trap: reason=bimorphic action=maybe_recompile pc=0x0000000002937480 method=java.util.AbstractCollection.toArray()[Ljava/lang/Object; @ 1
Event: 72.950 Thread 0x000000000209f000 Uncommon trap: reason=unstable_if action=reinterpret pc=0x000000000322c578 method=java.util.HashMap.putMapEntries(Ljava/util/Map;Z)V @ 53
Event: 72.950 Thread 0x000000000209f000 Uncommon trap: reason=bimorphic action=maybe_recompile pc=0x0000000002937480 method=java.util.AbstractCollection.toArray()[Ljava/lang/Object; @ 1
Event: 72.952 Thread 0x000000000209f000 Uncommon trap: reason=range_check action=make_not_entrant pc=0x0000000002c51250 method=sun.reflect.generics.parser.SignatureParser.current()C @ 34
Event: 72.955 Thread 0x000000000209f000 Uncommon trap: reason=bimorphic action=maybe_recompile pc=0x0000000002937480 method=java.util.AbstractCollection.toArray()[Ljava/lang/Object; @ 1
Event: 72.957 Thread 0x000000000209f000 Uncommon trap: reason=bimorphic action=maybe_recompile pc=0x0000000002937480 method=java.util.AbstractCollection.toArray()[Ljava/lang/Object; @ 1
Event: 76.585 Thread 0x000000000209f000 Uncommon trap: reason=unstable_if action=reinterpret pc=0x0000000002e184c4 method=sun.misc.FloatingDecimal.readJavaFormatString(Ljava/lang/String;)Lsun/misc/FloatingDecimal$ASCIIToBinaryConverter; @ 235
Event: 76.834 Thread 0x000000000209f000 Uncommon trap: reason=unstable_if action=reinterpret pc=0x0000000002db191c method=sun.misc.FloatingDecimal$BinaryToASCIIBuffer.dtoa(IJIZ)V @ 978
Event: 79.771 Thread 0x000000000209f000 Uncommon trap: reason=unstable_if action=reinterpret pc=0x000000000312ee8c method=com.amazonaws.util.URLEncodedUtils.urlEncode(Ljava/lang/String;Ljava/nio/charset/Charset;Ljava/util/BitSet;Z)Ljava/lang/String; @ 47
Event: 79.781 Thread 0x000000000209f000 Uncommon trap: reason=unhandled action=none pc=0x0000000003180a98 method=com.sun.org.apache.xerces.internal.impl.XMLEntityScanner.load(IZZ)Z @ 171

Internal exceptions (10 events):
Event: 1.396 Thread 0x000000000209f000 Exception <a 'java/lang/ArrayIndexOutOfBoundsException'> (0x000000076d5b5fb0) thrown at [C:\re\workspace\8-2-build-windows-amd64-cygwin\jdk8u101\7261\hotspot\src\share\vm\runtime\sharedRuntime.cpp, line 605]
Event: 1.396 Thread 0x000000000209f000 Exception <a 'java/lang/ArrayIndexOutOfBoundsException'> (0x000000076d5b8918) thrown at [C:\re\workspace\8-2-build-windows-amd64-cygwin\jdk8u101\7261\hotspot\src\share\vm\runtime\sharedRuntime.cpp, line 605]
Event: 1.401 Thread 0x000000000209f000 Exception <a 'java/lang/ArrayIndexOutOfBoundsException'> (0x000000076d5e4938) thrown at [C:\re\workspace\8-2-build-windows-amd64-cygwin\jdk8u101\7261\hotspot\src\share\vm\runtime\sharedRuntime.cpp, line 605]
Event: 1.406 Thread 0x000000000209f000 Exception <a 'java/lang/ArrayIndexOutOfBoundsException'> (0x000000076d601dc8) thrown at [C:\re\workspace\8-2-build-windows-amd64-cygwin\jdk8u101\7261\hotspot\src\share\vm\runtime\sharedRuntime.cpp, line 605]
Event: 1.754 Thread 0x000000000209f000 Implicit null exception at 0x0000000002c1301d to 0x0000000002c131e5
Event: 72.952 Thread 0x000000000209f000 Exception <a 'java/lang/ArrayIndexOutOfBoundsException': 56> (0x000000076e289490) thrown at [C:\re\workspace\8-2-build-windows-amd64-cygwin\jdk8u101\7261\hotspot\src\share\vm\interpreter\interpreterRuntime.cpp, line 366]
Event: 72.955 Thread 0x000000000209f000 Exception <a 'java/lang/ArrayIndexOutOfBoundsException': 3> (0x000000076e2a49f0) thrown at [C:\re\workspace\8-2-build-windows-amd64-cygwin\jdk8u101\7261\hotspot\src\share\vm\interpreter\interpreterRuntime.cpp, line 366]
Event: 72.960 Thread 0x000000000209f000 Exception <a 'java/lang/ArrayIndexOutOfBoundsException': 28> (0x000000076e340d18) thrown at [C:\re\workspace\8-2-build-windows-amd64-cygwin\jdk8u101\7261\hotspot\src\share\vm\interpreter\interpreterRuntime.cpp, line 366]
Event: 79.772 Thread 0x000000000209f000 Exception <a 'java/net/SocketTimeoutException': Read timed out> (0x000000076e8f7018) thrown at [C:\re\workspace\8-2-build-windows-amd64-cygwin\jdk8u101\7261\hotspot\src\share\vm\prims\jni.cpp, line 735]
Event: 107.317 Thread 0x000000000209f000 Exception <a 'java/lang/NoClassDefFoundError': org/slf4j/impl/StaticLoggerBinder> (0x000000076eaa7448) thrown at [C:\re\workspace\8-2-build-windows-amd64-cygwin\jdk8u101\7261\hotspot\src\share\vm\classfile\systemDictionary.cpp, line 199]

Events (10 events):
Event: 109.485 loading class com/xuggle/xuggler/IConfigurable
Event: 109.485 loading class com/xuggle/xuggler/IConfigurable done
Event: 109.496 loading class com/xuggle/xuggler/IContainer
Event: 109.496 loading class com/xuggle/xuggler/IContainer done
Event: 109.640 loading class com/xuggle/xuggler/IContainer$Type
Event: 109.640 loading class com/xuggle/xuggler/IContainer$Type done
Event: 109.661 loading class com/xuggle/xuggler/IContainer$Type$SwigNext
Event: 109.661 loading class com/xuggle/xuggler/IContainer$Type$SwigNext done
Event: 109.671 loading class com/xuggle/xuggler/IContainerFormat
Event: 109.671 loading class com/xuggle/xuggler/IContainerFormat done


Dynamic libraries:
0x000000013f4e0000 - 0x000000013f517000 	C:\Program Files\Java\jre1.8.0_101\bin\javaw.exe
0x0000000077270000 - 0x000000007740f000 	C:\Windows\SYSTEM32\ntdll.dll
0x0000000077050000 - 0x000000007716f000 	C:\Windows\system32\kernel32.dll
0x000007fefd000000 - 0x000007fefd06a000 	C:\Windows\system32\KERNELBASE.dll
0x000007feff480000 - 0x000007feff55b000 	C:\Windows\system32\ADVAPI32.dll
0x000007fefd450000 - 0x000007fefd4ef000 	C:\Windows\system32\msvcrt.dll
0x000007feff460000 - 0x000007feff47f000 	C:\Windows\SYSTEM32\sechost.dll
0x000007fefd6f0000 - 0x000007fefd81c000 	C:\Windows\system32\RPCRT4.dll
0x0000000077170000 - 0x000000007726a000 	C:\Windows\system32\USER32.dll
0x000007fefd680000 - 0x000007fefd6e7000 	C:\Windows\system32\GDI32.dll
0x000007fefd660000 - 0x000007fefd66e000 	C:\Windows\system32\LPK.dll
0x000007fefd850000 - 0x000007fefd91b000 	C:\Windows\system32\USP10.dll
0x000007fefb800000 - 0x000007fefb9f5000 	C:\Windows\WinSxS\amd64_microsoft.windows.common-controls_6595b64144ccf1df_6.0.7601.24417_none_e36b7b6931026d68\COMCTL32.dll
0x000007fefd4f0000 - 0x000007fefd561000 	C:\Windows\system32\SHLWAPI.dll
0x000007fefd820000 - 0x000007fefd84e000 	C:\Windows\system32\IMM32.DLL
0x000007fefe910000 - 0x000007fefea19000 	C:\Windows\system32\MSCTF.dll
0x0000000071250000 - 0x0000000071322000 	C:\Program Files\Java\jre1.8.0_101\bin\msvcr100.dll
0x0000000069a30000 - 0x000000006a2ca000 	C:\Program Files\Java\jre1.8.0_101\bin\server\jvm.dll
0x000007fefa5b0000 - 0x000007fefa5b9000 	C:\Windows\system32\WSOCK32.dll
0x000007fefd610000 - 0x000007fefd65d000 	C:\Windows\system32\WS2_32.dll
0x000007fefd670000 - 0x000007fefd678000 	C:\Windows\system32\NSI.dll
0x000007fefaea0000 - 0x000007fefaedb000 	C:\Windows\system32\WINMM.dll
0x000007fefbe90000 - 0x000007fefbe9c000 	C:\Windows\system32\VERSION.dll
0x0000000077420000 - 0x0000000077427000 	C:\Windows\system32\PSAPI.DLL
0x0000000073aa0000 - 0x0000000073aaf000 	C:\Program Files\Java\jre1.8.0_101\bin\verify.dll
0x000000006c140000 - 0x000000006c169000 	C:\Program Files\Java\jre1.8.0_101\bin\java.dll
0x0000000071210000 - 0x0000000071245000 	C:\Program Files\Java\jre1.8.0_101\bin\jdwp.dll
0x0000000071200000 - 0x0000000071208000 	C:\Program Files\Java\jre1.8.0_101\bin\npt.dll
0x00000000711d0000 - 0x00000000711f3000 	C:\Program Files\Java\jre1.8.0_101\bin\instrument.dll
0x000000006c180000 - 0x000000006c196000 	C:\Program Files\Java\jre1.8.0_101\bin\zip.dll
0x000007fefd920000 - 0x000007fefe6ab000 	C:\Windows\system32\SHELL32.dll
0x000007feff080000 - 0x000007feff27f000 	C:\Windows\system32\ole32.dll
0x000007fefcdd0000 - 0x000007fefcddf000 	C:\Windows\system32\profapi.dll
0x00000000711c0000 - 0x00000000711c9000 	C:\Program Files\Java\jre1.8.0_101\bin\dt_socket.dll
0x000007fefaa20000 - 0x000007fefaa35000 	C:\Windows\system32\NLAapi.dll
0x000007fef85a0000 - 0x000007fef85b5000 	C:\Windows\system32\napinsp.dll
0x000007fef8580000 - 0x000007fef8599000 	C:\Windows\system32\pnrpnsp.dll
0x000007fefc500000 - 0x000007fefc555000 	C:\Windows\System32\mswsock.dll
0x000007fefc380000 - 0x000007fefc3db000 	C:\Windows\system32\DNSAPI.dll
0x000007fef8570000 - 0x000007fef857b000 	C:\Windows\System32\winrnr.dll
0x000007fefa7f0000 - 0x000007fefa817000 	C:\Windows\system32\IPHLPAPI.DLL
0x000007fefa7e0000 - 0x000007fefa7eb000 	C:\Windows\system32\WINNSI.DLL
0x000007fefa6e0000 - 0x000007fefa733000 	C:\Windows\System32\fwpuclnt.dll
0x000007fef8560000 - 0x000007fef8568000 	C:\Windows\system32\rasadhlp.dll
0x000007fefbf60000 - 0x000007fefbf67000 	C:\Windows\System32\wshtcpip.dll
0x000000006bcb0000 - 0x000000006bcd4000 	C:\Program Files\Java\jre1.8.0_101\bin\sunec.dll
0x000007fefc560000 - 0x000007fefc578000 	C:\Windows\system32\CRYPTSP.dll
0x000007fefc260000 - 0x000007fefc2a7000 	C:\Windows\system32\rsaenh.dll
0x000007fefd070000 - 0x000007fefd08e000 	C:\Windows\system32\USERENV.dll
0x000007fefcc60000 - 0x000007fefcc6f000 	C:\Windows\system32\CRYPTBASE.dll
0x000000006c120000 - 0x000000006c13a000 	C:\Program Files\Java\jre1.8.0_101\bin\net.dll
0x000007fefc4f0000 - 0x000007fefc4f7000 	C:\Windows\System32\wship6.dll
0x000007fefa480000 - 0x000007fefa491000 	C:\Windows\system32\dhcpcsvc6.DLL
0x000007fefa460000 - 0x000007fefa478000 	C:\Windows\system32\dhcpcsvc.DLL
0x000000006c100000 - 0x000000006c111000 	C:\Program Files\Java\jre1.8.0_101\bin\nio.dll
0x00000000711b0000 - 0x00000000711bd000 	C:\Program Files\Java\jre1.8.0_101\bin\management.dll
0x0000000074710000 - 0x000000007471b000 	C:\Program Files\Java\jre1.8.0_101\bin\sunmscapi.dll
0x000007fefce10000 - 0x000007fefcf7d000 	C:\Windows\system32\CRYPT32.dll
0x000007fefcdc0000 - 0x000007fefcdcf000 	C:\Windows\system32\MSASN1.dll
0x000000006e740000 - 0x000000006fda5000 	C:\Users\Ness167279\AppData\Local\Temp\xuggle\xuggle1063177351766440273.dll
0x000007fef68b0000 - 0x000007fef68c7000 	C:\Windows\system32\AVICAP32.dll
0x000007feee9a0000 - 0x000007feee9c9000 	C:\Windows\system32\MSVFW32.dll
0x000007fef8430000 - 0x000007fef8555000 	C:\Windows\system32\dbghelp.dll

VM Arguments:
jvm_args: -agentlib:jdwp=transport=dt_socket,suspend=y,address=localhost:65048 -javaagent:C:\Users\Ness167279\eclipse\jee-2019-03\eclipse\configuration\org.eclipse.osgi\409\0\.cp\lib\javaagent-shaded.jar -Dfile.encoding=Cp1252 
java_command: org.example.basicapp.VideoDetect
java_class_path (initial): D:\Nessathon\ImageRecognizationInVideo\target\classes;C:\Users\Ness167279\.m2\repository\com\amazonaws\aws-java-sdk-rekognition\1.11.549\aws-java-sdk-rekognition-1.11.549.jar;C:\Users\Ness167279\.m2\repository\com\amazonaws\aws-java-sdk-core\1.11.549\aws-java-sdk-core-1.11.549.jar;C:\Users\Ness167279\.m2\repository\commons-logging\commons-logging\1.1.3\commons-logging-1.1.3.jar;C:\Users\Ness167279\.m2\repository\org\apache\httpcomponents\httpclient\4.5.5\httpclient-4.5.5.jar;C:\Users\Ness167279\.m2\repository\org\apache\httpcomponents\httpcore\4.4.9\httpcore-4.4.9.jar;C:\Users\Ness167279\.m2\repository\commons-codec\commons-codec\1.10\commons-codec-1.10.jar;C:\Users\Ness167279\.m2\repository\software\amazon\ion\ion-java\1.0.2\ion-java-1.0.2.jar;C:\Users\Ness167279\.m2\repository\com\fasterxml\jackson\core\jackson-databind\2.6.7.2\jackson-databind-2.6.7.2.jar;C:\Users\Ness167279\.m2\repository\com\fasterxml\jackson\core\jackson-annotations\2.6.0\jackson-annotations-2.6.0.jar;C:\Users\Ness167279\.m2\repository\com\fasterxml\jackson\core\jackson-core\2.6.7\jackson-core-2.6.7.jar;C:\Users\Ness167279\.m2\repository\com\fasterxml\jackson\dataformat\jackson-dataformat-cbor\2.6.7\jackson-dataformat-cbor-2.6.7.jar;C:\Users\Ness167279\.m2\repository\joda-time\joda-time\2.8.1\joda-time-2.8.1.jar;C:\Users\Ness167279\.m2\repository\com\amazonaws\jmespath-java\1.11.549\jmespath-java-1.11.549.jar;C:\Users\Ness167279\.m2\repository\com\amazonaws\aws-java-sdk-sqs\1.11.549\aws-java-sdk-sqs-1.11.549.jar;C:\Users\Ness167279\.m2\repository\xuggle\xuggle-xuggler\5.4\xuggle-xuggler-5.4.jar;C:\Users\Ness167279\.m2\repository\org\slf4j\slf4j-api\1.7.25\slf4j-api-1.7.25.jar;C:\Users\Ness167279\eclipse\jee-2019-03\eclipse\configuration\org.eclipse.osgi\409\0\.cp\lib\javaagent-shaded.jar
Launcher Type: SUN_STANDARD

Environment Variables:
JAVA_HOME=C:\Program Files\Java\jdk1.8.0_101
PATH=C:/Program Files/Java/jre1.8.0_101/bin/server;C:/Program Files/Java/jre1.8.0_101/bin;C:/Program Files/Java/jre1.8.0_101/lib/amd64;C:\ProgramData\Oracle\Java\javapath;C:\Windows\system32;C:\Windows;C:\Windows\System32\Wbem;C:\Windows\System32\WindowsPowerShell\v1.0\;C:\Program Files\apache-maven-3.6.1\bin;C:\Program Files\TortoiseSVN\bin;C:\Program Files\apache-maven-3.6.1\bin;C:\Program Files\Amazon\AWSCLI\bin\;C:\Program Files\Git\cmd;C:\Users\Ness167279\Desktop;
USERNAME=Ness167279
OS=Windows_NT
PROCESSOR_IDENTIFIER=Intel64 Family 6 Model 58 Stepping 9, GenuineIntel



---------------  S Y S T E M  ---------------

OS: Windows 7 , 64 bit Build 7601 (6.1.7601.24417)

CPU:total 4 (4 cores per cpu, 1 threads per core) family 6 model 58 stepping 9, cmov, cx8, fxsr, mmx, sse, sse2, sse3, ssse3, sse4.1, sse4.2, popcnt, avx, aes, clmul, erms, tsc, tscinvbit, tscinv

Memory: 4k page, physical 16649160k(10636612k free), swap 33296420k(25299792k free)

vm_info: Java HotSpot(TM) 64-Bit Server VM (25.101-b13) for windows-amd64 JRE (1.8.0_101-b13), built on Jun 22 2016 01:21:29 by "java_re" with MS VC++ 10.0 (VS2010)

time: Sat May 11 13:46:03 2019
elapsed time: 109 seconds (0d 0h 1m 49s)

